2023-11-29 15:58:01.395  INFO 22744 --- [main] c.p.api.rest.server.ServerApplication    : Starting ServerApplication using Java 1.8.0_112 on DESKTOP-0AHC5A7 with PID 22744 (C:\Users\Laptopkaran\IdeaProjects\RESTful-API\server\target\classes started by Laptopkaran in C:\Users\Laptopkaran\IdeaProjects\RESTful-API)
2023-11-29 15:58:01.397  INFO 22744 --- [main] c.p.api.rest.server.ServerApplication    : The following 1 profile is active: "h2"
2023-11-29 15:58:01.818  INFO 22744 --- [main] .s.d.r.c.RepositoryConfigurationDelegate : Bootstrapping Spring Data JPA repositories in DEFAULT mode.
2023-11-29 15:58:01.847  INFO 22744 --- [main] .s.d.r.c.RepositoryConfigurationDelegate : Finished Spring Data repository scanning in 24 ms. Found 3 JPA repository interfaces.
2023-11-29 15:58:02.283  INFO 22744 --- [main] o.s.b.w.embedded.tomcat.TomcatWebServer  : Tomcat initialized with port(s): 8080 (http)
2023-11-29 15:58:02.287  INFO 22744 --- [main] o.apache.catalina.core.StandardService   : Starting service [Tomcat]
2023-11-29 15:58:02.288  INFO 22744 --- [main] org.apache.catalina.core.StandardEngine  : Starting Servlet engine: [Apache Tomcat/9.0.82]
2023-11-29 15:58:02.362  INFO 22744 --- [main] o.a.c.c.C.[Tomcat].[localhost].[/]       : Initializing Spring embedded WebApplicationContext
2023-11-29 15:58:02.362  INFO 22744 --- [main] w.s.c.ServletWebServerApplicationContext : Root WebApplicationContext: initialization completed in 928 ms
2023-11-29 15:58:02.379  INFO 22744 --- [main] com.zaxxer.hikari.HikariDataSource       : HikariPool-1 - Starting...
2023-11-29 15:58:02.482  INFO 22744 --- [main] com.zaxxer.hikari.HikariDataSource       : HikariPool-1 - Start completed.
2023-11-29 15:58:02.490  INFO 22744 --- [main] o.s.b.a.h2.H2ConsoleAutoConfiguration    : H2 console available at '/h2'. Database available at 'jdbc:h2:mem:default'
2023-11-29 15:58:02.608  INFO 22744 --- [main] o.hibernate.jpa.internal.util.LogHelper  : HHH000204: Processing PersistenceUnitInfo [name: default]
2023-11-29 15:58:02.633  INFO 22744 --- [main] org.hibernate.Version                    : HHH000412: Hibernate ORM core version 5.6.15.Final
2023-11-29 15:58:02.726  INFO 22744 --- [main] o.hibernate.annotations.common.Version   : HCANN000001: Hibernate Commons Annotations {5.1.2.Final}
2023-11-29 15:58:02.785  INFO 22744 --- [main] org.hibernate.dialect.Dialect            : HHH000400: Using dialect: org.hibernate.dialect.H2Dialect
2023-11-29 15:58:03.092  INFO 22744 --- [main] o.h.e.t.j.p.i.JtaPlatformInitiator       : HHH000490: Using JtaPlatform implementation: [org.hibernate.engine.transaction.jta.platform.internal.NoJtaPlatform]
2023-11-29 15:58:03.099  INFO 22744 --- [main] j.LocalContainerEntityManagerFactoryBean : Initialized JPA EntityManagerFactory for persistence unit 'default'
2023-11-29 15:58:03.472  WARN 22744 --- [main] JpaBaseConfiguration$JpaWebConfiguration : spring.jpa.open-in-view is enabled by default. Therefore, database queries may be performed during view rendering. Explicitly configure spring.jpa.open-in-view to disable this warning
2023-11-29 15:58:03.543  INFO 22744 --- [main] pertySourcedRequestMappingHandlerMapping : Mapped URL path [/v2/api-docs] onto method [springfox.documentation.swagger2.web.Swagger2Controller#getDocumentation(String, HttpServletRequest)]
2023-11-29 15:58:03.743  INFO 22744 --- [main] o.s.b.w.embedded.tomcat.TomcatWebServer  : Tomcat started on port(s): 8080 (http) with context path ''
2023-11-29 15:58:03.744  INFO 22744 --- [main] d.s.w.p.DocumentationPluginsBootstrapper : Context refreshed
2023-11-29 15:58:03.753  INFO 22744 --- [main] d.s.w.p.DocumentationPluginsBootstrapper : Found 1 custom documentation plugin(s)
2023-11-29 15:58:03.771  INFO 22744 --- [main] s.d.s.w.s.ApiListingReferenceScanner     : Scanning for api listing references
2023-11-29 15:58:04.001  INFO 22744 --- [main] .d.s.w.r.o.CachingOperationNameGenerator : Generating unique operation named: getCommentListByPostIdUsingGET_1
2023-11-29 15:58:04.017  INFO 22744 --- [main] c.p.api.rest.server.ServerApplication    : Started ServerApplication in 2.911 seconds (JVM running for 3.466)
2023-11-29 15:58:04.018  INFO 22744 --- [main] c.p.a.r.s.c.AppStartupListener           : please wait.Data is fetching from url and saving in h2 db using ExecutorService
2023-11-29 15:58:13.962  INFO 22744 --- [main] c.p.a.r.s.c.AppStartupListener           : save data completed
2023-11-29 15:58:14.032  INFO 22744 --- [main] c.p.api.rest.server.ServerApplication    : Hello World!, Rest Api Application just started up
2023-11-29 15:58:14.410  INFO 22744 --- [http-nio-8080-exec-4] o.a.c.c.C.[Tomcat].[localhost].[/]       : Initializing Spring DispatcherServlet 'dispatcherServlet'
2023-11-29 15:58:14.410  INFO 22744 --- [http-nio-8080-exec-4] o.s.web.servlet.DispatcherServlet        : Initializing Servlet 'dispatcherServlet'
2023-11-29 15:58:14.411  INFO 22744 --- [http-nio-8080-exec-4] o.s.web.servlet.DispatcherServlet        : Completed initialization in 1 ms
2023-11-29 16:01:02.785  INFO 22744 --- [http-nio-8080-exec-4] c.p.a.r.service.aop.RestApiLoggerAspect  : Method [createPost] gets called and entity saved with id : 122
2023-11-29 16:02:39.157  INFO 22744 --- [SpringApplicationShutdownHook] j.LocalContainerEntityManagerFactoryBean : Closing JPA EntityManagerFactory for persistence unit 'default'
2023-11-29 16:02:39.161  INFO 22744 --- [SpringApplicationShutdownHook] com.zaxxer.hikari.HikariDataSource       : HikariPool-1 - Shutdown initiated...
2023-11-29 16:02:39.165  INFO 22744 --- [SpringApplicationShutdownHook] com.zaxxer.hikari.HikariDataSource       : HikariPool-1 - Shutdown completed.
